
> medplum-smart-on-fhir-demo@5.1.23 build
> tsc && vite build

[36mvite v8.1.0 [32mbuilding client environment for production...[36m[39m
[2Ktransforming...[38;5;147m[LARGE_BARREL_MODULES] [0m../../node_modules/@tabler/icons-react/dist/esm/tabler-icons-react.mjs has 6149 re-exports. Eagerly resolving every entry can significantly slow down the build. Consider using `@rolldown/plugin-transform-imports` to rewrite imports at the source level so the barrel file is never loaded.
 [38;5;240m │[0m 
 [38;5;240m │[0m [38;5;115mHelp[0m: See https://github.com/rolldown/plugins/tree/main/packages/transform-imports for usage.

✓ 607 modules transformed.
rendering chunks...
computing gzip size...
dist/assets/favicon-CT7MUKFW.svg    0.24 kB │ gzip:   0.19 kB
dist/index.html                     0.48 kB │ gzip:   0.31 kB
dist/assets/index-BcIjMEWD.css    236.59 kB │ gzip:  34.82 kB
dist/assets/dist-BuhtsAYD.js        1.59 kB │ gzip:   0.75 kB
dist/assets/chart-Cv-R_hkX.js     163.00 kB │ gzip:  56.58 kB
dist/assets/index-CBdsTKX0.js     973.62 kB │ gzip: 289.91 kB

[33m[plugin builtin:vite-reporter] 
(!) Some chunks are larger than 500 kB after minification. Consider:
- Using dynamic import() to code-split the application
- Use build.rolldownOptions.output.codeSplitting to improve chunking: https://rolldown.rs/reference/OutputOptions.codeSplitting
- Adjust chunk size limit for this warning via build.chunkSizeWarningLimit.[39m
[32m✓ built in 3.70s[39m
